Predicted vs. ground truth values mixed imputed on continuous columns:
    predicted UG_average_fees_(in_pounds)  ...  truth PG_average_fees_(in_pounds)
0                            18515.436516  ...                              19888
1                            17263.111504  ...                              15440
2                            14554.567287  ...                              14800
3                            14618.409520  ...                              14420
4                            14804.698258  ...                              18240
5                            12793.727378  ...                              14875
6                            16241.021003  ...                              17040
7                            15618.209037  ...                              14450
8                            11344.973601  ...                              12500
9                            11405.290177  ...                              12500
10                           10990.570121  ...                              12500
11                           10884.767468  ...                              11950
12                           11109.534405  ...                              11500
13                           10416.362844  ...                              10950
14                           11322.009646  ...                              12000
15                           10254.308569  ...                              11400
16                           12301.922462  ...                              13500
17                           11137.052437  ...                               6000
18                           11420.228858  ...                               9250
19                           11490.986406  ...                              13000
20                            9958.292197  ...                              11000
21                            9612.076426  ...                              11250
22                           10283.374908  ...                               9500
23                           10530.046615  ...                              10500
24                           11332.372166  ...                              12830
25                           11872.221895  ...                               9250

[26 rows x 4 columns]

Results:
  - MSE:      2896588.0959288613
  - MAE:      1233.3009649000392
  - RMSE:     1701.936572240241
  - R2 Score: 0.6583570732411097
