Predicted vs. ground truth values mixed imputed:
    predicted UG_average_fees_(in_pounds)  ...  truth PG_average_fees_(in_pounds)
0                                 15078.0  ...                              16400
1                                  9638.0  ...                              10000
2                                 15346.0  ...                              14500
3                                 15692.0  ...                              18240
4                                 12500.0  ...                              15050
5                                 11156.0  ...                              13430
6                                 12446.0  ...                              13850
7                                 14044.0  ...                              14450
8                                 11924.0  ...                              10689
9                                 11648.0  ...                              15700
10                                13264.0  ...                              10995
11                                 9148.0  ...                              12495
12                                12164.0  ...                              10800
13                                 8724.0  ...                              11500
14                                11046.0  ...                              12700
15                                13306.0  ...                              16500
16                                11686.0  ...                              12500
17                                 9408.0  ...                              13250
18                                11470.0  ...                              12000
19                                11650.0  ...                              10930
20                                 9490.0  ...                              14140
21                                13000.0  ...                              13500
22                                 9680.0  ...                              12000
23                                10594.0  ...                              10300
24                                 8538.0  ...                              10500
25                                 9240.0  ...                              10500

[26 rows x 4 columns]

Results:
  - MSE:      6083472.019230769
  - RMSE:     2466.469545571315
  - MAE:      1940.673076923077
  - R2 Score: -0.13516300699039463
