Predicted vs. ground truth values mixed imputed:
    predicted UG_average_fees_(in_pounds)  ...  truth PG_average_fees_(in_pounds)
0                                 18600.0  ...                              14200
1                                 16084.0  ...                              17250
2                                 13240.0  ...                              14875
3                                 13124.0  ...                              12150
4                                 13956.0  ...                              13500
5                                 15888.0  ...                              13950
6                                 12024.0  ...                              15700
7                                 13256.0  ...                              10995
8                                 11868.0  ...                              12500
9                                 12804.0  ...                              12890
10                                16036.0  ...                              10500
11                                12980.0  ...                              10800
12                                10992.0  ...                              12700
13                                11972.0  ...                              12500
14                                14452.0  ...                              14000
15                                12292.0  ...                              10000
16                                10452.0  ...                              12000
17                                10964.0  ...                              11440
18                                11668.0  ...                              12500
19                                 9848.0  ...                              11000
20                                 9776.0  ...                              10300
21                                 9468.0  ...                              10500
22                                 9772.0  ...                              10500
23                                11104.0  ...                              11700
24                                 8840.0  ...                               9495
25                                11808.0  ...                               9250

[26 rows x 4 columns]

Results:
  - MSE:      5166467.692307692
  - RMSE:     2272.986513886013
  - MAE:      1668.5384615384614
  - R2 Score: -0.6241287203763826
