Predicted vs. ground truth values mixed imputed:
    predicted UG_average_fees_(in_pounds)  ...  truth PG_average_fees_(in_pounds)
0                                 17106.0  ...                              14200
1                                 15857.0  ...                              17250
2                                 14329.0  ...                              14000
3                                 15847.0  ...                              14800
4                                 14699.0  ...                              15160
5                                 12902.0  ...                              15050
6                                 13735.0  ...                              13300
7                                 10586.0  ...                              10689
8                                 12292.0  ...                              15700
9                                 11838.0  ...                              12500
10                                12862.0  ...                              12890
11                                14456.0  ...                              10500
12                                13329.0  ...                              10800
13                                10995.0  ...                              12700
14                                11323.0  ...                              10250
15                                12484.0  ...                              12500
16                                12338.0  ...                              12200
17                                11340.0  ...                              11950
18                                14244.0  ...                              17250
19                                11167.0  ...                              11700
20                                10234.0  ...                              14140
21                                10361.0  ...                              11400
22                                11229.0  ...                              11133
23                                11305.0  ...                              12650
24                                 8522.0  ...                              10500
25                                 9567.0  ...                              11250

[26 rows x 4 columns]

Results:
  - MSE:      3926381.192307692
  - RMSE:     1981.5098264474218
  - MAE:      1303.9615384615386
  - R2 Score: 0.007392328995165509
