Predicted vs. ground truth values mixed imputed:
    predicted UG_average_fees_(in_pounds)  ...  truth PG_average_fees_(in_pounds)
0                                 18048.0  ...                              19888
1                                 16464.0  ...                              29900
2                                 14384.0  ...                              14800
3                                 14928.0  ...                              14420
4                                 14656.0  ...                              14200
5                                 13040.0  ...                              14875
6                                 14352.0  ...                              14450
7                                 18016.0  ...                              10500
8                                 11744.0  ...                              11250
9                                 12880.0  ...                              10800
10                                12752.0  ...                              12710
11                                12000.0  ...                              12500
12                                13680.0  ...                              13000
13                                11504.0  ...                              10500
14                                11808.0  ...                              10930
15                                11328.0  ...                              12750
16                                11280.0  ...                              11133
17                                12800.0  ...                              13500
18                                11840.0  ...                              12000
19                                10896.0  ...                               6000
20                                15104.0  ...                               9250
21                                11120.0  ...                              13000
22                                11808.0  ...                              11300
23                                 9504.0  ...                              12500
24                                12256.0  ...                              14000
25                                 9840.0  ...                              10500

[26 rows x 4 columns]

Results:
  - MSE:      9042347.596153846
  - RMSE:     3007.0496497653385
  - MAE:      1891.5961538461538
  - R2 Score: 0.3462180204875388
