Predicted vs. ground truth values mixed imputed on continuous columns:
    predicted UG_average_fees_(in_pounds)  ...  truth PG_average_fees_(in_pounds)
0                            18730.743880  ...                              17250
1                            13907.990462  ...                              14000
2                            14679.735249  ...                              14800
3                            16736.749888  ...                              14500
4                            16670.296624  ...                              14500
5                            18255.000281  ...                              16500
6                            13401.241366  ...                              13420
7                            12706.614935  ...                              13430
8                            13081.675840  ...                              13850
9                            12567.392990  ...                              11900
10                           13599.866941  ...                              12890
11                           10877.339748  ...                              11250
12                           11123.755536  ...                              11500
13                           10508.603949  ...                              12700
14                           11218.421364  ...                              12500
15                           14437.629578  ...                              14000
16                           11455.339406  ...                              10500
17                           11436.880986  ...                              12000
18                            9889.984497  ...                              14500
19                           11183.526178  ...                               6000
20                           10368.403805  ...                              12500
21                           12953.347229  ...                              14000
22                            9882.352001  ...                              10500
23                           11315.665307  ...                              12830
24                            8859.843478  ...                              11250
25                           12096.583054  ...                               9250

[26 rows x 4 columns]

Results:
  - MSE:      3861618.733693408
  - MAE:      1526.584503964239
  - RMSE:     1965.100184136526
  - R2 Score: 0.07297752024336568
