Test results:
  - baseline linear model trained on all columns with mean value imputation MSE: 2141814.657413892
  - baseline linear model trained on all columns with mean value imputation RMSE: 1460.8683100930116
  - baseline linear model trained on all columns with mean value imputation MAE: 1099.187955143413
  - baseline linear model trained on all columns with mean value imputation R2 Score: 0.6600468113629606

  - baseline linear model trained on all columns with median value imputation MSE: 2152589.0559769967
  - baseline linear model trained on all columns with median value imputation RMSE: 1464.586403440716
  - baseline linear model trained on all columns with median value imputation MAE: 1086.4180842692476
  - baseline linear model trained on all columns with median value imputation R2 Score: 0.6583576735369587

  - baseline linear model trained on all columns with mixed value imputation MSE: 1699496.737122003
  - baseline linear model trained on all columns with mixed value imputation RMSE: 1266.6563232827218
  - baseline linear model trained on all columns with mixed value imputation MAE: 970.1638401063146
  - baseline linear model trained on all columns with mixed value imputation R2 Score: 0.7251075997010902

Predicted vs. ground truth values mixed imputed:
    predicted UG_average_fees_(in_pounds)  ...  truth PG_average_fees_(in_pounds)
0                            19714.206262  ...                              19888
1                            14686.486863  ...                              18000
2                            14934.996501  ...                              15500
3                            15720.843732  ...                              14800
4                            10019.265381  ...                              10000
5                            14793.782645  ...                              13900
6                            15079.729475  ...                              14420
7                            14526.006447  ...                              14500
8                            15258.199772  ...                              16200
9                            16237.036407  ...                              17040
10                           16143.661806  ...                              14450
11                           11295.877728  ...                              15700
12                           10978.008152  ...                              11500
13                           10946.706321  ...                              12500
14                           11918.564722  ...                              12500
15                           13582.075179  ...                              14000
16                           12488.711378  ...                              12300
17                           16188.944150  ...                              17250
18                           11311.224800  ...                              13000
19                           11447.006209  ...                              12000
20                           10835.764940  ...                              11000
21                           11124.110519  ...                              12500
22                           11406.831819  ...                              13000
23                            9407.602463  ...                              11000
24                           11827.987767  ...                              11300
25                           10744.130245  ...                              10500

[26 rows x 4 columns]

|    |        MSE |    RMSE |     MAE |   R2 Score |
|---:|-----------:|--------:|--------:|-----------:|
|  0 | 1.6995e+06 | 1266.66 | 970.164 |   0.725108 |
