Predicted vs. ground truth values mixed imputed:
    predicted UG_average_fees_(in_pounds)  ...  truth PG_average_fees_(in_pounds)
0                                 22064.0  ...                              23187
1                                 14132.0  ...                              18000
2                                 15330.0  ...                              14500
3                                 15136.0  ...                              16200
4                                 17212.0  ...                              17040
5                                 11954.0  ...                              15050
6                                 13546.0  ...                              13300
7                                 12814.0  ...                              13430
8                                 12130.0  ...                              11900
9                                 16080.0  ...                              13950
10                                13654.0  ...                              10995
11                                10596.0  ...                              12495
12                                 8794.0  ...                              11500
13                                12214.0  ...                              12500
14                                11494.0  ...                              10250
15                                12032.0  ...                              10000
16                                10242.0  ...                              11000
17                                 9638.0  ...                              10950
18                                 9264.0  ...                              14140
19                                11400.0  ...                              11400
20                                11790.0  ...                               9250
21                                11342.0  ...                              12650
22                                10982.0  ...                               9600
23                                10622.0  ...                              10000
24                                13798.0  ...                              13500
25                                11896.0  ...                              11700

[26 rows x 4 columns]

Results:
  - MSE:      4785879.634615385
  - RMSE:     2187.665338806506
  - MAE:      1726.326923076923
  - R2 Score: 0.41982703704861407
