Predicted vs. ground truth values mixed imputed on continuous columns:
    predicted UG_average_fees_(in_pounds)  ...  truth PG_average_fees_(in_pounds)
0                            17684.569572  ...                              29900
1                            15483.245754  ...                              14500
2                            13294.626507  ...                              14875
3                            16241.407921  ...                              13000
4                            13109.144529  ...                              13850
5                            11674.507905  ...                              15700
6                            12015.791111  ...                              10995
7                            11753.356126  ...                              12500
8                            14743.598543  ...                              10500
9                            11616.712520  ...                              11500
10                           10787.611734  ...                              11500
11                           10579.469512  ...                              12700
12                           11197.839931  ...                              10250
13                           10643.068437  ...                              13250
14                           11845.563962  ...                              10000
15                           11468.950178  ...                              13000
16                           11700.250639  ...                              10500
17                           10731.622220  ...                              10950
18                           10185.930897  ...                              11000
19                           11523.940014  ...                              10930
20                           10036.843817  ...                              11400
21                           11559.225751  ...                              12500
22                           11540.066933  ...                               9600
23                           11380.314451  ...                              11300
24                           10469.692510  ...                              12500
25                            9948.372891  ...                              10600

[26 rows x 4 columns]

Results:
  - MSE:      5814995.537474287
  - MAE:      1570.2345460523645
  - RMSE:     2411.430185071566
  - R2 Score: 0.4771057165022621
