shape: (105, 38)
seed: 42


RF model on median dataset with max_features: 5, n_estimators: 98

Feature importance:
                                               pos  ft_imp  column_index
World_rank                                       1   0.336             5
UK_rank                                          2   0.168             4
CWUR_score                                       3   0.144             0
Minimum_IELTS_score                              4   0.083             2
International_students                           5   0.070             8
Estimated_cost_of_living_per_year_(in_pounds)    6   0.050             1
Academic_staff_to                                7   0.038            10
Academic_staff_from                              8   0.033             9
Student_satisfaction                             9   0.033             3
Founded_year                                    10   0.020            11
Student_enrollment_from                         11   0.013             6
Student_enrollment_to                           12   0.013             7
column index of features by relevance:    [5, 4, 0, 2, 8, 1, 10, 9, 3, 11, 6, 7]
column index of features by index order:  [0, 1, 2, 3, 4, 5, 6, 7, 8, 9, 10, 11]

Performance of the best model on the test set:
  Accuracy:                                           0.064

  Mean Squared Error (MSE):                      3703381.76
  Root Mean Squared Error (RMSE):                   1920.06
  Mean Absolute Error (MAE):                        1329.89
  R^2:                                                0.064
    predicted UG_average_fees_(in_pounds)  ...  truth PG_average_fees_(in_pounds)
0                            15426.530612  ...                              14200
1                            19614.489796  ...                              17250
2                            14310.591837  ...                              14000
3                            14322.346939  ...                              14800
4                            14267.755102  ...                              15160
5                            13196.326531  ...                              15050
6                            13952.755102  ...                              13300
7                            11864.479592  ...                              10689
8                            11441.571429  ...                              15700
9                            11075.408163  ...                              12500
10                           13139.081633  ...                              12890
11                           14045.612245  ...                              10500
12                           11310.204082  ...                              10800
13                           11551.408163  ...                              12700
14                           11171.428571  ...                              10250
15                           11230.765306  ...                              12500
16                           11753.540816  ...                              12200
17                           11468.142857  ...                              11950
18                           14003.806122  ...                              17250
19                           11604.081633  ...                              11700
20                           10843.775510  ...                              14140
21                           10765.408163  ...                              11400
22                           11174.642857  ...                              11133
23                           10877.653061  ...                              12650
24                            9921.275510  ...                              10500
25                            9922.193878  ...                              11250

[26 rows x 4 columns]
