shape: (105, 38)
seed: 42


RF model on median dataset with max_features: 5, n_estimators: 98

Feature importance:
                                               pos  ft_imp  column_index
World_rank                                       1   0.253             5
UK_rank                                          2   0.193             4
CWUR_score                                       3   0.191             0
International_students                           4   0.090             8
Estimated_cost_of_living_per_year_(in_pounds)    5   0.068             1
Minimum_IELTS_score                              6   0.057             2
Student_satisfaction                             7   0.039             3
Academic_staff_from                              8   0.032             9
Academic_staff_to                                9   0.029            10
Student_enrollment_to                           10   0.018             7
Founded_year                                    11   0.017            11
Student_enrollment_from                         12   0.014             6
column index of features by relevance:    [5, 4, 0, 8, 1, 2, 3, 9, 10, 7, 11, 6]
column index of features by index order:  [0, 1, 2, 3, 4, 5, 6, 7, 8, 9, 10, 11]

Performance of the best model on the test set:
  Accuracy:                                           0.623

  Mean Squared Error (MSE):                      1159611.32
  Root Mean Squared Error (RMSE):                   1066.70
  Mean Absolute Error (MAE):                         850.00
  R^2:                                                0.623
    predicted UG_average_fees_(in_pounds)  ...  truth PG_average_fees_(in_pounds)
0                            15602.857143  ...                              18000
1                            14325.816327  ...                              14000
2                            14863.163265  ...                              14500
3                            15004.081633  ...                              13900
4                            14489.846939  ...                              13000
5                            13800.061224  ...                              14000
6                            13779.316327  ...                              14450
7                            14022.755102  ...                              13500
8                            12450.979592  ...                              10689
9                            11194.540816  ...                              10800
10                           11839.040816  ...                              11500
11                           11247.193878  ...                              13000
12                           11164.775510  ...                              10250
13                           13943.214286  ...                              14000
14                           11804.551020  ...                              12200
15                           14842.755102  ...                              17250
16                           10791.020408  ...                              11500
17                           10826.122449  ...                              11400
18                           11347.397959  ...                              11133
19                           13035.357143  ...                              13500
20                           11593.755102  ...                              12000
21                           10154.591837  ...                              10500
22                           11438.724490  ...                              14000
23                           10973.500000  ...                              12830
24                           10617.448980  ...                              11250
25                           10822.653061  ...                              11700

[26 rows x 4 columns]
