shape: (105, 38)
seed: 42


RF model on median dataset with max_features: 5, n_estimators: 98

Feature importance:
                                               pos  ft_imp  column_index
World_rank                                       1   0.296             5
UK_rank                                          2   0.192             4
CWUR_score                                       3   0.138             0
International_students                           4   0.100             8
Academic_staff_to                                5   0.053            10
Academic_staff_from                              6   0.049             9
Minimum_IELTS_score                              7   0.049             2
Student_satisfaction                             8   0.040             3
Estimated_cost_of_living_per_year_(in_pounds)    9   0.031             1
Student_enrollment_to                           10   0.018             7
Student_enrollment_from                         11   0.017             6
Founded_year                                    12   0.017            11
column index of features by relevance:    [5, 4, 0, 8, 10, 9, 2, 3, 1, 7, 6, 11]
column index of features by index order:  [0, 1, 2, 3, 4, 5, 6, 7, 8, 9, 10, 11]

Performance of the best model on the test set:
  Accuracy:                                           0.265

  Mean Squared Error (MSE):                      4023674.63
  Root Mean Squared Error (RMSE):                   2000.37
  Mean Absolute Error (MAE):                        1407.36
  R^2:                                                0.265
    predicted UG_average_fees_(in_pounds)  ...  truth PG_average_fees_(in_pounds)
0                            14401.051020  ...                              16400
1                            11543.295918  ...                              10000
2                            15185.204082  ...                              14500
3                            14151.122449  ...                              18240
4                            12534.193878  ...                              15050
5                            13320.714286  ...                              13430
6                            12827.234694  ...                              13850
7                            13410.295918  ...                              14450
8                            12255.091837  ...                              10689
9                            11225.173469  ...                              15700
10                           11189.387755  ...                              10995
11                           11984.061224  ...                              12495
12                           10940.255102  ...                              10800
13                           11553.663265  ...                              11500
14                           11530.173469  ...                              12700
15                           11929.000000  ...                              16500
16                           11196.418367  ...                              12500
17                           10611.142857  ...                              13250
18                           11672.408163  ...                              12000
19                           10719.663265  ...                              10930
20                           11651.122449  ...                              14140
21                           11827.755102  ...                              13500
22                           11345.836735  ...                              12000
23                           10647.520408  ...                              10300
24                           10927.520408  ...                              10500
25                           10449.591837  ...                              10500

[26 rows x 4 columns]
