shape: (105, 38)
seed: 48


RF model on mixed dataset with max_features: 6, n_estimators: 100

Feature importance:
                                               pos  ft_imp  column_index
UK_rank                                          1   0.177            18
World_rank                                       2   0.150            21
International_students                           3   0.135             9
CWUR_score                                       4   0.085            23
Estimated_cost_of_living_per_year_(in_pounds)    5   0.075            25
Minimum_IELTS_score                              6   0.059            29
Academic_staff_from                              7   0.048            28
Student_satisfaction                             8   0.046            10
Academic_staff_to                                9   0.042             8
Founded_year                                    10   0.031            32
Student_enrollment_to                           11   0.024            11
Longitude                                       12   0.021            17
Latitude                                        13   0.019            12
Academic_Calender_Trimesters                    14   0.015            22
Student_enrollment_from                         15   0.015             0
Academic_Calender_Continuous                    16   0.010            27
Academic_Calender_Semesters                     17   0.009             2
Region_London                                   18   0.007            16
Region_West Midlands                            19   0.006            20
Region_East of England                          20   0.004            31
Region_South East England                       21   0.004            33
Campus_setting_Suburban                         22   0.003            13
Academic_Calender_Other                         23   0.002            24
Region_North West England                       24   0.002             3
Campus_setting_Urban                            25   0.002            34
Region_Yorkshire and the Humber                 26   0.001            30
Control_type_Public                             27   0.001             4
Region_Wales                                    28   0.001            15
Region_South West England                       29   0.001             6
Region_North East England                       30   0.001             5
Campus_setting_Rural                            31   0.001            19
Region_Scotland                                 32   0.001             1
Region_East Midlands                            33   0.000            26
Control_type_Private                            34   0.000             7
Academic_Calender_Quarters                      35   0.000            14
Region_Northern Ireland                         36   0.000            35
column index of features by relevance:    [18, 21, 9, 23, 25, 29, 28, 10, 8, 32, 11, 17, 12, 22, 0, 27, 2, 16, 20, 31, 33, 13, 24, 3, 34, 30, 4, 15, 6, 5, 19, 1, 26, 7, 14, 35]
column index of features by index order:  [0, 1, 2, 3, 4, 5, 6, 7, 8, 9, 10, 11, 12, 13, 14, 15, 16, 17, 18, 19, 20, 21, 22, 23, 24, 25, 26, 27, 28, 29, 30, 31, 32, 33, 34, 35]

Performance of the best model on the test set:
  Accuracy:                                           0.733

  Mean Squared Error (MSE):                      2210150.46
  Root Mean Squared Error (RMSE):                   1486.61
  Mean Absolute Error (MAE):                        1147.73
  R^2:                                                0.733
    predicted UG_average_fees_(in_pounds)  ...  truth PG_average_fees_(in_pounds)
0                                19468.70  ...                              23187
1                                15295.85  ...                              18000
2                                14722.60  ...                              14500
3                                13885.46  ...                              16200
4                                15395.80  ...                              17040
5                                12846.68  ...                              15050
6                                14146.00  ...                              13300
7                                13600.40  ...                              13430
8                                12303.03  ...                              11900
9                                14155.46  ...                              13950
10                               12455.22  ...                              10995
11                               11749.30  ...                              12495
12                               11572.43  ...                              11500
13                               10992.12  ...                              12500
14                               11317.58  ...                              10250
15                               11236.08  ...                              10000
16                               11115.27  ...                              11000
17                               10852.74  ...                              10950
18                               12540.27  ...                              14140
19                               11315.31  ...                              11400
20                               11384.17  ...                               9250
21                               10869.59  ...                              12650
22                               11757.28  ...                               9600
23                               11130.61  ...                              10000
24                               11315.65  ...                              13500
25                               10876.00  ...                              11700

[26 rows x 4 columns]
