shape: (105, 38)
seed: 42


RF model on median dataset with max_features: 5, n_estimators: 98

Feature importance:
                                               pos  ft_imp  column_index
World_rank                                       1   0.322             5
UK_rank                                          2   0.176             4
CWUR_score                                       3   0.099             0
International_students                           4   0.092             8
Minimum_IELTS_score                              5   0.088             2
Estimated_cost_of_living_per_year_(in_pounds)    6   0.075             1
Student_satisfaction                             7   0.042             3
Academic_staff_from                              8   0.031             9
Founded_year                                     9   0.026            11
Academic_staff_to                               10   0.024            10
Student_enrollment_from                         11   0.015             6
Student_enrollment_to                           12   0.011             7
column index of features by relevance:    [5, 4, 0, 8, 2, 1, 3, 9, 11, 10, 6, 7]
column index of features by index order:  [0, 1, 2, 3, 4, 5, 6, 7, 8, 9, 10, 11]

Performance of the best model on the test set:
  Accuracy:                                           0.095

  Mean Squared Error (MSE):                      2866843.01
  Root Mean Squared Error (RMSE):                   1666.75
  Mean Absolute Error (MAE):                        1199.36
  R^2:                                                0.095
    predicted UG_average_fees_(in_pounds)  ...  truth PG_average_fees_(in_pounds)
0                            15229.897959  ...                              14200
1                            19877.142857  ...                              17250
2                            14061.836735  ...                              14875
3                            11180.183673  ...                              12150
4                            12117.500000  ...                              13500
5                            14527.928571  ...                              13950
6                            11445.867347  ...                              15700
7                            11292.163265  ...                              10995
8                            10879.224490  ...                              12500
9                            13450.551020  ...                              12890
10                           13850.510204  ...                              10500
11                           11114.438776  ...                              10800
12                           11225.887755  ...                              12700
13                           10824.153061  ...                              12500
14                           13973.897959  ...                              14000
15                           11114.081633  ...                              10000
16                           11575.887755  ...                              12000
17                           11228.438776  ...                              11440
18                           11589.306122  ...                              12500
19                           11059.530612  ...                              11000
20                           11375.091837  ...                              10300
21                           10683.673469  ...                              10500
22                           11363.163265  ...                              10500
23                           11092.448980  ...                              11700
24                           10559.357143  ...                               9495
25                           11763.571429  ...                               9250

[26 rows x 4 columns]
