Test result:
   seed                       target     features  ... degree  kernel  epsilon
0    42  UG_average_fees_(in_pounds)  all columns  ...      2  linear   0.0001
1    42  PG_average_fees_(in_pounds)  all columns  ...      2  linear   0.0001

[2 rows x 11 columns]

    Avg. MSE: 2965576.3216 - Avg. RMSE: 1702.1400 - Avg. MAE: 1333.6869 - Avg. R^2: 0.2800

Predicted vs. ground truth values:
    predicted UG_average_fees_(in_pounds)  ...  truth PG_average_fees_(in_pounds)
0                            13239.922884  ...                              17250
1                            12594.435014  ...                              14000
2                            12517.986213  ...                              14800
3                            12694.451645  ...                              14500
4                            12973.606608  ...                              14500
5                            12929.562169  ...                              16500
6                            12091.558135  ...                              13420
7                            12190.794696  ...                              13430
8                            12199.914596  ...                              13850
9                            11997.976925  ...                              11900
10                           12216.430417  ...                              12890
11                           12052.019698  ...                              11250
12                           12103.755986  ...                              11500
13                           12053.667728  ...                              12700
14                           11798.577635  ...                              12500
15                           12240.353947  ...                              14000
16                           11906.882514  ...                              10500
17                           11950.096550  ...                              12000
18                           11928.243614  ...                              14500
19                           11652.290507  ...                               6000
20                           11714.297065  ...                              12500
21                           12046.241732  ...                              14000
22                           11520.110583  ...                              10500
23                           11946.657015  ...                              12830
24                           11503.438376  ...                              11250
25                           11647.103297  ...                               9250

[26 rows x 4 columns]
