Test result:
   seed                       target     features  ... degree  kernel  epsilon
0    42  UG_average_fees_(in_pounds)  all columns  ...      2  linear       10
1    42  PG_average_fees_(in_pounds)  all columns  ...      2  linear       10

[2 rows x 11 columns]

    Avg. MSE: 11871271.2839 - Avg. RMSE: 3410.0267 - Avg. MAE: 1998.4672 - Avg. R^2: 0.1537

Predicted vs. ground truth values:
    predicted UG_average_fees_(in_pounds)  ...  truth PG_average_fees_(in_pounds)
0                            13452.745401  ...                              19888
1                            13079.332753  ...                              29900
2                            12719.133037  ...                              14800
3                            12736.349110  ...                              14420
4                            12520.433692  ...                              14200
5                            12403.861854  ...                              14875
6                            12440.014953  ...                              14450
7                            12254.395669  ...                              10500
8                            12231.443987  ...                              11250
9                            11981.047023  ...                              10800
10                           12259.880077  ...                              12710
11                           11914.234386  ...                              12500
12                           11904.050506  ...                              13000
13                           12100.135123  ...                              10500
14                           11969.260664  ...                              10930
15                           12050.139387  ...                              12750
16                           11979.030519  ...                              11133
17                           12151.773347  ...                              13500
18                           12009.384095  ...                              12000
19                           11898.936169  ...                               6000
20                           11965.476932  ...                               9250
21                           12057.933009  ...                              13000
22                           11895.874628  ...                              11300
23                           11937.113635  ...                              12500
24                           12260.625599  ...                              14000
25                           11790.511178  ...                              10500

[26 rows x 4 columns]
