Test result:
   seed                       target     features  ... degree  kernel  epsilon
0    42  UG_average_fees_(in_pounds)  all columns  ...      2  linear       10
1    42  PG_average_fees_(in_pounds)  all columns  ...      2  linear       10

[2 rows x 11 columns]

    Avg. MSE: 6910991.0585 - Avg. RMSE: 2628.8326 - Avg. MAE: 1928.2957 - Avg. R^2: 0.1842

Predicted vs. ground truth values:
    predicted UG_average_fees_(in_pounds)  ...  truth PG_average_fees_(in_pounds)
0                            13176.193832  ...                              19888
1                            12670.600917  ...                              15440
2                            12709.762631  ...                              14800
3                            12731.085263  ...                              14420
4                            12527.278108  ...                              18240
5                            12389.268282  ...                              14875
6                            13053.443090  ...                              17040
7                            12588.254723  ...                              14450
8                            12052.574564  ...                              12500
9                            12106.078468  ...                              12500
10                           11903.966761  ...                              12500
11                           12129.761924  ...                              11950
12                           12043.320807  ...                              11500
13                           12033.012796  ...                              10950
14                           12126.435795  ...                              12000
15                           11948.686145  ...                              11400
16                           12154.064754  ...                              13500
17                           11956.631079  ...                               6000
18                           11990.547930  ...                               9250
19                           12064.693135  ...                              13000
20                           11922.527799  ...                              11000
21                           11754.252614  ...                              11250
22                           11957.766850  ...                               9500
23                           12020.356194  ...                              10500
24                           12133.038309  ...                              12830
25                           11992.517355  ...                               9250

[26 rows x 4 columns]
