Test result:
   seed                       target     features  ... degree  kernel  epsilon
0    42  UG_average_fees_(in_pounds)  all columns  ...      2  linear   0.0001
1    42  PG_average_fees_(in_pounds)  all columns  ...      2  linear   0.0001

[2 rows x 11 columns]

    Avg. MSE: 2608738.6445 - Avg. RMSE: 1607.0952 - Avg. MAE: 1346.7302 - Avg. R^2: 0.1486

Predicted vs. ground truth values:
    predicted UG_average_fees_(in_pounds)  ...  truth PG_average_fees_(in_pounds)
0                            12612.080455  ...                              14200
1                            13420.765438  ...                              17250
2                            12430.211412  ...                              14875
3                            12146.401206  ...                              12150
4                            12309.807833  ...                              13500
5                            12702.036140  ...                              13950
6                            12208.140590  ...                              15700
7                            12226.475802  ...                              10995
8                            12138.291772  ...                              12500
9                            12469.939480  ...                              12890
10                           12292.144252  ...                              10500
11                           12029.648215  ...                              10800
12                           12302.170276  ...                              12700
13                           11967.278063  ...                              12500
14                           12497.018348  ...                              14000
15                           12090.034584  ...                              10000
16                           12211.919784  ...                              12000
17                           12132.895371  ...                              11440
18                           12151.345682  ...                              12500
19                           11978.895143  ...                              11000
20                           12127.874876  ...                              10300
21                           11768.453712  ...                              10500
22                           12104.812881  ...                              10500
23                           11984.914726  ...                              11700
24                           11743.732916  ...                               9495
25                           11948.084664  ...                               9250

[26 rows x 4 columns]
