Test result:
   seed                       target     features  ... degree  kernel  epsilon
0    43  UG_average_fees_(in_pounds)  all columns  ...      2  linear       10
1    43  PG_average_fees_(in_pounds)  all columns  ...      2  linear       10

[2 rows x 11 columns]

    Avg. MSE: 5180292.8242 - Avg. RMSE: 2266.9192 - Avg. MAE: 1729.3908 - Avg. R^2: 0.0585

Predicted vs. ground truth values:
    predicted UG_average_fees_(in_pounds)  ...  truth PG_average_fees_(in_pounds)
0                            12295.960472  ...                              16400
1                            11738.159694  ...                              10000
2                            12993.954251  ...                              14500
3                            12333.372719  ...                              18240
4                            12101.064387  ...                              15050
5                            12200.325912  ...                              13430
6                            12207.030272  ...                              13850
7                            12255.052440  ...                              14450
8                            12291.184144  ...                              10689
9                            11942.818910  ...                              15700
10                           11942.839459  ...                              10995
11                           11921.140938  ...                              12495
12                           11688.023148  ...                              10800
13                           12011.659623  ...                              11500
14                           12079.464439  ...                              12700
15                           12004.231051  ...                              16500
16                           11791.845106  ...                              12500
17                           11559.302082  ...                              13250
18                           11961.583380  ...                              12000
19                           11788.737116  ...                              10930
20                           11922.608756  ...                              14140
21                           11931.577794  ...                              13500
22                           11861.435590  ...                              12000
23                           11862.531566  ...                              10300
24                           11565.793526  ...                              10500
25                           11660.567010  ...                              10500

[26 rows x 4 columns]
