Test result:
   seed                       target          features  ...  kernel  epsilon   gamma
0    42  UG_average_fees_(in_pounds)  selected columns  ...  linear      5.0  0.0001
1    42  PG_average_fees_(in_pounds)  selected columns  ...  linear      5.0  0.0001

[2 rows x 13 columns]

    Avg. MSE: 4367054.7568 - Avg. RMSE: 2087.2502 - Avg. MAE: 1435.5149 - Avg. R^2: 0.4763

Predicted vs. ground truth values:
    predicted UG_average_fees_(in_pounds)  ...  truth PG_average_fees_(in_pounds)
0                            15297.975996  ...                              23187
1                            13213.286946  ...                              18000
2                            13851.953824  ...                              14500
3                            13698.520155  ...                              16200
4                            14521.921219  ...                              17040
5                            12399.808880  ...                              15050
6                            13000.888989  ...                              13300
7                            12834.592918  ...                              13430
8                            12487.942856  ...                              11900
9                            13487.640042  ...                              13950
10                           12084.327875  ...                              10995
11                           11950.597331  ...                              12495
12                           11960.252490  ...                              11500
13                           11542.706712  ...                              12500
14                           11432.101734  ...                              10250
15                           11791.463935  ...                              10000
16                           11586.366459  ...                              11000
17                           11524.736622  ...                              10950
18                           12163.141212  ...                              14140
19                           11367.708505  ...                              11400
20                           11686.264418  ...                               9250
21                           11521.985891  ...                              12650
22                           11538.352258  ...                               9600
23                           11458.371784  ...                              10000
24                           11203.723860  ...                              13500
25                           11179.943873  ...                              11700

[26 rows x 4 columns]
