Test result:
   seed                       target     features  ... degree  kernel  epsilon
0    42  UG_average_fees_(in_pounds)  all columns  ...      2  linear       10
1    42  PG_average_fees_(in_pounds)  all columns  ...      2  linear       10

[2 rows x 11 columns]

    Avg. MSE: 3232126.9276 - Avg. RMSE: 1797.7182 - Avg. MAE: 1420.6498 - Avg. R^2: 0.1830

Predicted vs. ground truth values:
    predicted UG_average_fees_(in_pounds)  ...  truth PG_average_fees_(in_pounds)
0                            12401.310570  ...                              14200
1                            13235.371542  ...                              17250
2                            12627.951238  ...                              14000
3                            12537.952383  ...                              14800
4                            12480.335455  ...                              15160
5                            12147.154387  ...                              15050
6                            12291.966294  ...                              13300
7                            12289.766177  ...                              10689
8                            11967.544604  ...                              15700
9                            11892.056424  ...                              12500
10                           12222.075116  ...                              12890
11                           12037.231893  ...                              10500
12                           11767.694539  ...                              10800
13                           12089.610864  ...                              12700
14                           11709.879993  ...                              10250
15                           11695.060424  ...                              12500
16                           12080.177681  ...                              12200
17                           11966.577926  ...                              11950
18                           12338.078800  ...                              17250
19                           11929.384124  ...                              11700
20                           11918.438302  ...                              14140
21                           11740.639845  ...                              11400
22                           11797.437600  ...                              11133
23                           11799.773132  ...                              12650
24                           11497.347914  ...                              10500
25                           11462.927304  ...                              11250

[26 rows x 4 columns]
