Cross validation results:
    seed                       target  ...  kernel  epsilon
0     40  UG_average_fees_(in_pounds)  ...  linear   5.0000
1     40  PG_average_fees_(in_pounds)  ...  linear  10.0000
2     40  UG_average_fees_(in_pounds)  ...  linear   5.0000
3     40  PG_average_fees_(in_pounds)  ...  linear  10.0000
4     40  UG_average_fees_(in_pounds)  ...  linear   5.0000
5     40  PG_average_fees_(in_pounds)  ...  linear  10.0000
6     40  UG_average_fees_(in_pounds)  ...  linear   5.0000
7     40  PG_average_fees_(in_pounds)  ...  linear  10.0000
8     40  UG_average_fees_(in_pounds)  ...  linear   5.0000
9     40  PG_average_fees_(in_pounds)  ...  linear  10.0000
10    40  UG_average_fees_(in_pounds)  ...  linear   5.0000
11    40  PG_average_fees_(in_pounds)  ...  linear   0.5000
12    40  UG_average_fees_(in_pounds)  ...    poly   0.0001
13    40  PG_average_fees_(in_pounds)  ...    poly  10.0000
14    40  UG_average_fees_(in_pounds)  ...    poly   0.0001
15    40  PG_average_fees_(in_pounds)  ...    poly  10.0000
16    40  UG_average_fees_(in_pounds)  ...    poly   5.0000
17    40  PG_average_fees_(in_pounds)  ...    poly   0.0001

[18 rows x 11 columns]
Cross validation results:
    seed                       target  ...  kernel  epsilon
18    41  UG_average_fees_(in_pounds)  ...  linear   0.0001
19    41  PG_average_fees_(in_pounds)  ...  linear   0.0001
20    41  UG_average_fees_(in_pounds)  ...  linear   0.0001
21    41  PG_average_fees_(in_pounds)  ...  linear   5.0000
22    41  UG_average_fees_(in_pounds)  ...  linear   0.0001
23    41  PG_average_fees_(in_pounds)  ...  linear   0.0001
24    41  UG_average_fees_(in_pounds)  ...  linear  10.0000
25    41  PG_average_fees_(in_pounds)  ...  linear   0.0001
26    41  UG_average_fees_(in_pounds)  ...  linear  10.0000
27    41  PG_average_fees_(in_pounds)  ...  linear   1.0000
28    41  UG_average_fees_(in_pounds)  ...    poly   1.0000
29    41  PG_average_fees_(in_pounds)  ...  linear   0.0001
30    41  UG_average_fees_(in_pounds)  ...    poly  10.0000
31    41  PG_average_fees_(in_pounds)  ...    poly  10.0000
32    41  UG_average_fees_(in_pounds)  ...    poly  10.0000
33    41  PG_average_fees_(in_pounds)  ...    poly  10.0000
34    41  UG_average_fees_(in_pounds)  ...    poly   5.0000
35    41  PG_average_fees_(in_pounds)  ...    poly  10.0000

[18 rows x 11 columns]
Cross validation results:
    seed                       target  ...  kernel  epsilon
36    42  UG_average_fees_(in_pounds)  ...  linear  10.0000
37    42  PG_average_fees_(in_pounds)  ...  linear   1.0000
38    42  UG_average_fees_(in_pounds)  ...  linear  10.0000
39    42  PG_average_fees_(in_pounds)  ...  linear   0.5000
40    42  UG_average_fees_(in_pounds)  ...  linear   0.0001
41    42  PG_average_fees_(in_pounds)  ...  linear   0.0001
42    42  UG_average_fees_(in_pounds)  ...  linear  10.0000
43    42  PG_average_fees_(in_pounds)  ...  linear   1.0000
44    42  UG_average_fees_(in_pounds)  ...  linear  10.0000
45    42  PG_average_fees_(in_pounds)  ...  linear   0.0001
46    42  UG_average_fees_(in_pounds)  ...  linear  10.0000
47    42  PG_average_fees_(in_pounds)  ...  linear   1.0000
48    42  UG_average_fees_(in_pounds)  ...    poly   0.0001
49    42  PG_average_fees_(in_pounds)  ...    poly   0.5000
50    42  UG_average_fees_(in_pounds)  ...    poly   0.0001
51    42  PG_average_fees_(in_pounds)  ...    poly   0.5000
52    42  UG_average_fees_(in_pounds)  ...    poly   0.0001
53    42  PG_average_fees_(in_pounds)  ...    poly   0.0001

[18 rows x 11 columns]
Cross validation results:
    seed                       target  ...  kernel  epsilon
54    43  UG_average_fees_(in_pounds)  ...  linear  10.0000
55    43  PG_average_fees_(in_pounds)  ...  linear  10.0000
56    43  UG_average_fees_(in_pounds)  ...  linear  10.0000
57    43  PG_average_fees_(in_pounds)  ...  linear  10.0000
58    43  UG_average_fees_(in_pounds)  ...  linear   0.0001
59    43  PG_average_fees_(in_pounds)  ...  linear   0.0001
60    43  UG_average_fees_(in_pounds)  ...  linear  10.0000
61    43  PG_average_fees_(in_pounds)  ...  linear   0.0001
62    43  UG_average_fees_(in_pounds)  ...  linear  10.0000
63    43  PG_average_fees_(in_pounds)  ...  linear   1.0000
64    43  UG_average_fees_(in_pounds)  ...  linear   0.0001
65    43  PG_average_fees_(in_pounds)  ...  linear   0.0001
66    43  UG_average_fees_(in_pounds)  ...    poly  10.0000
67    43  PG_average_fees_(in_pounds)  ...    poly   0.0001
68    43  UG_average_fees_(in_pounds)  ...    poly  10.0000
69    43  PG_average_fees_(in_pounds)  ...    poly   0.0001
70    43  UG_average_fees_(in_pounds)  ...    poly  10.0000
71    43  PG_average_fees_(in_pounds)  ...    poly   0.5000

[18 rows x 11 columns]
Cross validation results:
    seed                       target  ...  kernel  epsilon
72    44  UG_average_fees_(in_pounds)  ...  linear  10.0000
73    44  PG_average_fees_(in_pounds)  ...  linear  10.0000
74    44  UG_average_fees_(in_pounds)  ...  linear  10.0000
75    44  PG_average_fees_(in_pounds)  ...  linear  10.0000
76    44  UG_average_fees_(in_pounds)  ...  linear   0.0001
77    44  PG_average_fees_(in_pounds)  ...  linear   0.5000
78    44  UG_average_fees_(in_pounds)  ...  linear  10.0000
79    44  PG_average_fees_(in_pounds)  ...  linear   5.0000
80    44  UG_average_fees_(in_pounds)  ...  linear  10.0000
81    44  PG_average_fees_(in_pounds)  ...  linear   5.0000
82    44  UG_average_fees_(in_pounds)  ...  linear   5.0000
83    44  PG_average_fees_(in_pounds)  ...  linear   0.0001
84    44  UG_average_fees_(in_pounds)  ...    poly  10.0000
85    44  PG_average_fees_(in_pounds)  ...    poly   0.0001
86    44  UG_average_fees_(in_pounds)  ...    poly  10.0000
87    44  PG_average_fees_(in_pounds)  ...    poly   0.2500
88    44  UG_average_fees_(in_pounds)  ...    poly  10.0000
89    44  PG_average_fees_(in_pounds)  ...    poly   1.0000

[18 rows x 11 columns]
Cross validation results:
     seed                       target  ...  kernel  epsilon
90     45  UG_average_fees_(in_pounds)  ...  linear  10.0000
91     45  PG_average_fees_(in_pounds)  ...  linear   0.0001
92     45  UG_average_fees_(in_pounds)  ...  linear  10.0000
93     45  PG_average_fees_(in_pounds)  ...  linear   5.0000
94     45  UG_average_fees_(in_pounds)  ...  linear  10.0000
95     45  PG_average_fees_(in_pounds)  ...  linear   0.0001
96     45  UG_average_fees_(in_pounds)  ...  linear  10.0000
97     45  PG_average_fees_(in_pounds)  ...  linear   0.0001
98     45  UG_average_fees_(in_pounds)  ...  linear  10.0000
99     45  PG_average_fees_(in_pounds)  ...  linear   0.0001
100    45  UG_average_fees_(in_pounds)  ...  linear  10.0000
101    45  PG_average_fees_(in_pounds)  ...  linear   0.0001
102    45  UG_average_fees_(in_pounds)  ...    poly   0.0001
103    45  PG_average_fees_(in_pounds)  ...    poly   0.0001
104    45  UG_average_fees_(in_pounds)  ...    poly   0.0001
105    45  PG_average_fees_(in_pounds)  ...    poly   0.0001
106    45  UG_average_fees_(in_pounds)  ...    poly   0.0001
107    45  PG_average_fees_(in_pounds)  ...    poly   0.0001

[18 rows x 11 columns]
Cross validation results:
     seed                       target  ...  kernel  epsilon
108    46  UG_average_fees_(in_pounds)  ...  linear  10.0000
109    46  PG_average_fees_(in_pounds)  ...  linear   0.0001
110    46  UG_average_fees_(in_pounds)  ...  linear  10.0000
111    46  PG_average_fees_(in_pounds)  ...  linear   0.0001
112    46  UG_average_fees_(in_pounds)  ...  linear   5.0000
113    46  PG_average_fees_(in_pounds)  ...  linear   0.0001
114    46  UG_average_fees_(in_pounds)  ...  linear  10.0000
115    46  PG_average_fees_(in_pounds)  ...  linear  10.0000
116    46  UG_average_fees_(in_pounds)  ...  linear  10.0000
117    46  PG_average_fees_(in_pounds)  ...  linear   0.0001
118    46  UG_average_fees_(in_pounds)  ...  linear  10.0000
119    46  PG_average_fees_(in_pounds)  ...  linear  10.0000
120    46  UG_average_fees_(in_pounds)  ...    poly   0.2500
121    46  PG_average_fees_(in_pounds)  ...    poly   1.0000
122    46  UG_average_fees_(in_pounds)  ...    poly   0.0200
123    46  PG_average_fees_(in_pounds)  ...    poly   1.0000
124    46  UG_average_fees_(in_pounds)  ...    poly  10.0000
125    46  PG_average_fees_(in_pounds)  ...    poly   0.0001

[18 rows x 11 columns]
Cross validation results:
     seed                       target  ...  kernel  epsilon
126    47  UG_average_fees_(in_pounds)  ...  linear   0.0001
127    47  PG_average_fees_(in_pounds)  ...  linear   0.0001
128    47  UG_average_fees_(in_pounds)  ...  linear   0.0001
129    47  PG_average_fees_(in_pounds)  ...  linear   5.0000
130    47  UG_average_fees_(in_pounds)  ...  linear   0.0001
131    47  PG_average_fees_(in_pounds)  ...  linear   1.0000
132    47  UG_average_fees_(in_pounds)  ...  linear   0.0001
133    47  PG_average_fees_(in_pounds)  ...  linear   0.0001
134    47  UG_average_fees_(in_pounds)  ...  linear   0.0001
135    47  PG_average_fees_(in_pounds)  ...  linear   0.0001
136    47  UG_average_fees_(in_pounds)  ...  linear   0.0001
137    47  PG_average_fees_(in_pounds)  ...  linear  10.0000
138    47  UG_average_fees_(in_pounds)  ...    poly  10.0000
139    47  PG_average_fees_(in_pounds)  ...    poly  10.0000
140    47  UG_average_fees_(in_pounds)  ...    poly  10.0000
141    47  PG_average_fees_(in_pounds)  ...    poly  10.0000
142    47  UG_average_fees_(in_pounds)  ...    poly  10.0000
143    47  PG_average_fees_(in_pounds)  ...    poly   1.0000

[18 rows x 11 columns]
Cross validation results:
     seed                       target  ...  kernel  epsilon
144    48  UG_average_fees_(in_pounds)  ...  linear   5.0000
145    48  PG_average_fees_(in_pounds)  ...  linear   1.0000
146    48  UG_average_fees_(in_pounds)  ...  linear   5.0000
147    48  PG_average_fees_(in_pounds)  ...  linear   1.0000
148    48  UG_average_fees_(in_pounds)  ...  linear   0.0001
149    48  PG_average_fees_(in_pounds)  ...  linear   0.0001
150    48  UG_average_fees_(in_pounds)  ...  linear   5.0000
151    48  PG_average_fees_(in_pounds)  ...  linear   5.0000
152    48  UG_average_fees_(in_pounds)  ...  linear   5.0000
153    48  PG_average_fees_(in_pounds)  ...  linear   0.0001
154    48  UG_average_fees_(in_pounds)  ...  linear   0.0001
155    48  PG_average_fees_(in_pounds)  ...  linear  10.0000
156    48  UG_average_fees_(in_pounds)  ...  linear   5.0000
157    48  PG_average_fees_(in_pounds)  ...    poly  10.0000
158    48  UG_average_fees_(in_pounds)  ...  linear   5.0000
159    48  PG_average_fees_(in_pounds)  ...    poly  10.0000
160    48  UG_average_fees_(in_pounds)  ...  linear   0.0001
161    48  PG_average_fees_(in_pounds)  ...    poly  10.0000

[18 rows x 11 columns]
Cross validation results:
     seed                       target  ...  kernel  epsilon
162    49  UG_average_fees_(in_pounds)  ...  linear   0.0001
163    49  PG_average_fees_(in_pounds)  ...  linear   5.0000
164    49  UG_average_fees_(in_pounds)  ...  linear   0.0001
165    49  PG_average_fees_(in_pounds)  ...  linear   5.0000
166    49  UG_average_fees_(in_pounds)  ...  linear   0.0001
167    49  PG_average_fees_(in_pounds)  ...  linear  10.0000
168    49  UG_average_fees_(in_pounds)  ...  linear   0.0001
169    49  PG_average_fees_(in_pounds)  ...  linear   5.0000
170    49  UG_average_fees_(in_pounds)  ...  linear   0.2500
171    49  PG_average_fees_(in_pounds)  ...  linear   5.0000
172    49  UG_average_fees_(in_pounds)  ...  linear   0.0001
173    49  PG_average_fees_(in_pounds)  ...  linear  10.0000
174    49  UG_average_fees_(in_pounds)  ...    poly  10.0000
175    49  PG_average_fees_(in_pounds)  ...    poly   1.0000
176    49  UG_average_fees_(in_pounds)  ...    poly  10.0000
177    49  PG_average_fees_(in_pounds)  ...    poly   0.0001
178    49  UG_average_fees_(in_pounds)  ...    poly  10.0000
179    49  PG_average_fees_(in_pounds)  ...    poly   1.0000

[18 rows x 11 columns]
Best performing parameters:
 UG_average_fees_(in_pounds):
    Features: all columns, imputation: median, degree: 2, kernel: linear, epsilon: 0.0001
    Avg. MSE: 4289526.0105 - Avg. RMSE: 2056.6008 - Avg. MAE: 1588.6417 - Avg. R^2: 0.1876
 PG_average_fees_(in_pounds):
    Features: selected columns, imputation: mixed, degree: 2, kernel: linear, epsilon: 0.0001
    Avg. MSE: 3918334.7894 - Avg. RMSE: 1977.6933 - Avg. MAE: 1545.3177 - Avg. R^2: 0.1933
Best performing parameters (in total):
 Features: all columns, imputation: mixed, degree: 2, kernel: linear, epsilon: 0.0001
