Test result:
   seed                       target     features  ... degree  kernel  epsilon
0    42  UG_average_fees_(in_pounds)  all columns  ...      2  linear       10
1    42  PG_average_fees_(in_pounds)  all columns  ...      2  linear       10

[2 rows x 11 columns]

    Avg. MSE: 2447411.0436 - Avg. RMSE: 1554.1368 - Avg. MAE: 1241.8313 - Avg. R^2: 0.1982

Predicted vs. ground truth values:
    predicted UG_average_fees_(in_pounds)  ...  truth PG_average_fees_(in_pounds)
0                            12342.686785  ...                              18000
1                            12602.630211  ...                              14000
2                            12730.612136  ...                              14500
3                            12286.158470  ...                              13900
4                            12359.905811  ...                              13000
5                            12506.069972  ...                              14000
6                            12253.369396  ...                              14450
7                            12202.570091  ...                              13500
8                            12279.876585  ...                              10689
9                            11772.750843  ...                              10800
10                           12137.645462  ...                              11500
11                           11665.920740  ...                              13000
12                           11714.219202  ...                              10250
13                           12251.180771  ...                              14000
14                           12080.479668  ...                              12200
15                           12306.749815  ...                              17250
16                           11839.762987  ...                              11500
17                           11743.688494  ...                              11400
18                           11805.926692  ...                              11133
19                           11943.589864  ...                              13500
20                           11827.804215  ...                              12000
21                           11494.891652  ...                              10500
22                           12052.196036  ...                              14000
23                           11952.767924  ...                              12830
24                           11545.514993  ...                              11250
25                           11708.490599  ...                              11700

[26 rows x 4 columns]
