Test result:
   seed                       target          features  ...  kernel  epsilon   gamma
0    42  UG_average_fees_(in_pounds)  selected columns  ...  linear      5.0  0.0001
1    42  PG_average_fees_(in_pounds)  selected columns  ...  linear      5.0  0.0001

[2 rows x 13 columns]

    Avg. MSE: 7063009.3301 - Avg. RMSE: 2605.5091 - Avg. MAE: 1535.3269 - Avg. R^2: 0.3638

Predicted vs. ground truth values:
    predicted UG_average_fees_(in_pounds)  ...  truth PG_average_fees_(in_pounds)
0                            15066.029510  ...                              29900
1                            14785.847779  ...                              14500
2                            13008.519662  ...                              14875
3                            13294.487118  ...                              13000
4                            12937.303386  ...                              13850
5                            12061.665120  ...                              15700
6                            12194.292579  ...                              10995
7                            11969.916666  ...                              12500
8                            12612.116067  ...                              10500
9                            12441.161291  ...                              11500
10                           12315.145995  ...                              11500
11                           12131.300168  ...                              12700
12                           11502.761056  ...                              10250
13                           11229.359366  ...                              13250
14                           11787.098188  ...                              10000
15                           11382.270717  ...                              13000
16                           11868.470470  ...                              10500
17                           11656.395481  ...                              10950
18                           11345.461882  ...                              11000
19                           11707.443255  ...                              10930
20                           11471.997179  ...                              11400
21                           11826.012831  ...                              12500
22                           11755.217398  ...                               9600
23                           11417.145943  ...                              11300
24                           11563.418342  ...                              12500
25                           11126.121605  ...                              10600

[26 rows x 4 columns]
