Test result:
   seed                       target     features  ... degree  kernel  epsilon
0    42  UG_average_fees_(in_pounds)  all columns  ...      2  linear       10
1    42  PG_average_fees_(in_pounds)  all columns  ...      2  linear       10

[2 rows x 11 columns]

    Avg. MSE: 2726197.4975 - Avg. RMSE: 1650.2214 - Avg. MAE: 1323.0080 - Avg. R^2: 0.1501

Predicted vs. ground truth values:
    predicted UG_average_fees_(in_pounds)  ...  truth PG_average_fees_(in_pounds)
0                            12406.130948  ...                              15440
1                            12088.985488  ...                              13900
2                            12260.049295  ...                              15160
3                            12143.931629  ...                              14200
4                            12273.554077  ...                              12680
5                            11919.044179  ...                              15050
6                            12084.574642  ...                              13300
7                            11939.097407  ...                              13420
8                            11997.214769  ...                              13500
9                            11845.283474  ...                              10500
10                           11749.155101  ...                              12495
11                           11580.562356  ...                              10800
12                           11734.283755  ...                              12500
13                           11862.762255  ...                              12500
14                           12046.786799  ...                              14000
15                           11435.999111  ...                              13250
16                           12131.361957  ...                              17250
17                           11650.447316  ...                              10000
18                           11770.402648  ...                              12000
19                           11679.143842  ...                              12750
20                           11575.678711  ...                              11400
21                           11542.341454  ...                              11000
22                           11487.852637  ...                              10600
23                           11683.276533  ...                              10300
24                           11298.226080  ...                              11250
25                           11882.860960  ...                              14000

[26 rows x 4 columns]
